{"/Users/wookieb/projects/pallad/violations/packages/zod/src/extractViolationsFromZodError.ts": {"path":"/Users/wookieb/projects/pallad/violations/packages/zod/src/extractViolationsFromZodError.ts","statementMap":{"0":{"start":{"line":2,"column":0},"end":{"line":2,"column":51}},"1":{"start":{"line":5,"column":1},"end":{"line":5,"column":50}},"2":{"start":{"line":4,"column":0},"end":{"line":4,"column":16}},"3":{"start":{"line":9,"column":23},"end":{"line":9,"column":38}},"4":{"start":{"line":10,"column":1},"end":{"line":16,"column":2}},"5":{"start":{"line":11,"column":2},"end":{"line":15,"column":3}},"6":{"start":{"line":12,"column":3},"end":{"line":14,"column":4}},"7":{"start":{"line":13,"column":4},"end":{"line":13,"column":40}},"8":{"start":{"line":18,"column":1},"end":{"line":20,"column":2}},"9":{"start":{"line":19,"column":2},"end":{"line":19,"column":31}}},"fnMap":{"0":{"name":"extractViolationsFromZodError","decl":{"start":{"line":4,"column":16},"end":{"line":4,"column":45}},"loc":{"start":{"line":4,"column":63},"end":{"line":6,"column":1}}},"1":{"name":"violationsFromZodError","decl":{"start":{"line":8,"column":10},"end":{"line":8,"column":32}},"loc":{"start":{"line":8,"column":50},"end":{"line":21,"column":1}}}},"branchMap":{"0":{"loc":{"start":{"line":11,"column":2},"end":{"line":15,"column":3}},"type":"if","locations":[{"start":{"line":11,"column":2},"end":{"line":15,"column":3}}]}},"s":{"0":1,"1":2,"2":1,"3":2,"4":2,"5":1,"6":1,"7":1,"8":2,"9":1},"f":{"0":2,"1":2},"b":{"0":[1]}}
}
